Case #1
a 1
Case #2
l 3
o 2
d 1
e 1
h 1
r 1
w 1
Case #3
e 2
l 2
o 2
u 2
c 1
h 1
m 1
t 1
w 1
Case #4
o 4
e 3
h 2
r 2
s 2
t 2
u 2
a 1
b 1
c 1
d 1
f 1
g 1
i 1
j 1
k 1
l 1
m 1
n 1
p 1
q 1
v 1
w 1
x 1
y 1
z 1
Case #5
c 3
d 3
b 2
a 1
Case #6
a 1
b 1
c 1
d 1
e 1
f 1
g 1
h 1
i 1
j 1
k 1
l 1
m 1
n 1
o 1
p 1
q 1
r 1
s 1
t 1
u 1
v 1
w 1
x 1
y 1
z 1
Case #7
m 779
g 768
k 765
f 759
e 753
h 749
l 748
p 741
c 720
w 702
Case #8
k 267
j 252
d 245
s 242
x 241
q 232
c 231
y 230
a 228
b 228
i 227
r 224
f 223
l 220
h 219
m 218
g 217
u 217
o 216
e 214
n 214
v 214
w 212
t 209
Case #9
s 45
k 42
z 38
d 37
n 36
q 36
t 36
r 35
f 33
l 33
e 32
a 30
j 29
o 29
Case #10
o 357
e 352
j 351
p 350
h 347
q 347
g 345
v 344
w 341
f 340
k 340
x 340
r 337
a 336
l 336
c 333
m 330
z 320
y 309
b 308
n 305
Case #11
r 305
t 286
e 284
q 278
o 277
d 272
c 267
j 263
b 261
i 260
v 260
h 255
a 253
m 250
g 240
l 239
Case #12
l 412
q 411
x 403
o 384
e 377
g 374
y 369
u 368
m 365
k 364
d 363
b 360
f 355
s 355
a 353
p 351
i 339
c 335
Case #13
u 309
p 298
b 275
r 275
w 275
n 273
q 270
f 266
v 265
y 265
a 264
k 264
s 263
e 262
x 259
g 258
m 257
d 255
o 254
j 251
i 246
t 243
h 241
z 238
l 231
Case #14
l 127
j 124
a 121
t 121
p 120
u 119
k 118
v 118
s 116
w 110
e 108
i 108
x 101
Case #15
n 175
b 162
f 159
r 158
p 155
d 154
e 149
v 149
a 144
i 144
o 144
q 144
x 142
m 141
y 141
h 140
c 139
g 138
w 137
k 131
Case #16
n 380
a 363
c 357
w 355
e 354
t 342
f 340
q 339
s 339
k 338
i 337
l 337
g 335
u 334
d 329
p 323
y 323
o 320
r 317
b 316
j 304
Case #17
g 1719
a 1656
i 1640
c 1624
Case #18
y 406
u 405
g 404
l 394
d 390
a 389
b 387
e 385
o 381
f 369
h 367
w 367
x 363
c 362
q 362
z 360
m 357
r 345
p 343
Case #19
k 429
u 428
o 424
y 424
p 416
t 414
b 413
g 405
e 390
q 377
i 367
Case #20
c 504
p 497
l 496
t 486
g 480
n 480
q 477
i 475
d 471
j 462
r 453
z 439
Case #21
q 263
e 252
f 239
w 237
g 236
i 231
n 230
p 230
r 226
o 225
d 224
m 221
k 220
u 217
h 214
t 210
v 204
s 203
Case #22
c 324
h 324
Case #23
k 1225
r 1180
u 1162
y 1162
n 1153
e 1143
Case #24
h 435
f 423
u 420
g 412
y 405
b 403
j 401
v 397
p 394
q 391
e 384
l 380
x 365
c 364
i 360
Case #25
f 210
n 201
b 198
c 196
m 193
x 193
v 187
r 183
e 182
k 177
o 172
Case #26
h 79
t 73
w 71
l 68
z 67
u 65
q 64
a 63
d 63
f 63
p 61
j 60
x 60
r 59
c 58
b 57
m 55
n 50
g 46
Case #27
g 452
z 439
a 437
m 434
j 430
o 428
d 427
q 426
b 420
r 414
k 413
f 407
c 405
n 405
p 402
t 394
h 387
s 382
i 371
Case #28
t 1105
z 1099
m 1077
h 1057
i 1056
p 1049
y 1036
d 1021
Case #29
z 324
o 313
b 297
u 288
p 286
r 285
j 284
m 284
q 281
n 273
f 269
g 265
Case #30
i 107
r 94
t 92
v 89
s 87
y 87
g 84
l 84
e 83
k 82
w 77
f 75
m 75
j 74
o 74
p 74
z 73
x 71
h 69
d 68
b 64
q 61
n 59
Case #31
w 1224
k 1203
y 1170
j 1153
u 1152
z 1143
Case #32
i 568
b 553
o 551
r 549
c 547
f 533
e 531
p 528
x 528
h 526
a 524
z 521
l 518
k 508
g 502
w 502
Case #33
k 159
x 159
f 145
d 142
l 141
q 136
j 135
h 126
Case #34
p 916
b 867
q 863
t 863
e 862
w 842
d 820
r 820
u 814
i 782
Case #35
f 408
w 401
a 396
h 376
x 376
b 375
k 374
o 374
p 374
s 374
q 367
t 367
r 364
u 362
c 359
g 359
l 358
y 357
j 356
m 355
i 346
v 345
n 337
e 336
z 333
d 329
Case #36
m 837
b 826
Case #37
g 1041
s 1029
e 1023
m 1020
a 971
k 951
Case #38
e 436
p 403
q 395
u 384
r 383
z 378
d 370
k 368
m 368
y 367
s 364
g 362
l 361
a 358
b 357
h 357
i 355
j 355
c 349
Case #39
m 191
q 188
e 185
l 184
n 183
w 183
r 175
i 173
s 171
g 169
v 169
o 160
c 159
k 150
h 142
Case #40
k 322
b 321
m 316
g 314
a 313
h 313
s 311
t 311
p 310
z 309
v 308
y 307
o 306
w 306
f 305
r 305
d 303
q 303
u 298
c 297
l 296
i 293
j 291
x 291
e 290
n 275
Case #41
u 115
j 92
c 90
h 89
Case #42
l 803
n 738
Case #43
e 201
o 198
c 195
b 194
p 193
u 192
z 191
a 190
k 190
n 189
d 186
s 184
l 182
w 182
x 179
r 178
i 175
q 174
v 173
j 163
Case #44
m 313
q 313
c 310
w 306
l 305
u 305
g 301
x 301
t 297
e 296
o 295
i 293
f 291
r 289
d 287
y 285
n 284
b 282
j 282
z 279
v 278
k 277
s 274
p 268
h 265
Case #45
j 3122
z 3091
Case #46
c 562
s 562
z 547
u 534
j 530
b 511
Case #47
w 416
b 380
l 377
p 373
f 371
y 359
Case #48
e 443
t 420
y 415
d 413
r 413
u 413
m 407
l 399
z 394
j 393
g 389
s 385
a 384
f 384
v 384
q 382
k 378
w 375
x 369
h 366
p 345
Case #49
c 882
l 817
w 809
Case #50
j 962
i 958
e 944
a 926
t 912
s 903
k 901
c 893
u 833
Case #51
n 748
e 732
l 720
o 688
t 687
i 681
m 679
x 679
p 678
r 675
y 669
g 648
f 640
Case #52
a 477
c 476
o 475
k 470
u 464
s 434
n 430
p 429
Case #53
h 634
b 631
u 599
c 596
p 587
k 585
y 580
n 572
q 570
Case #54
c 137
h 135
d 131
q 120
t 117
z 117
g 115
s 107
Case #55
w 280
f 276
a 271
h 263
j 263
i 261
b 258
s 258
u 257
c 250
y 244
q 243
t 243
v 242
Case #56
q 438
f 432
a 430
i 428
k 428
v 420
y 416
r 415
s 415
z 409
x 401
l 388
j 385
e 383
g 383
o 381
t 381
b 380
w 370
h 365
Case #57
e 192
j 190
t 176
a 173
m 169
o 169
g 168
y 168
w 166
k 164
d 163
x 161
h 157
f 155
q 155
c 154
s 154
l 153
i 147
u 144
n 141
r 139
v 139
p 138
z 136
b 131
Case #58
j 485
k 476
l 470
q 470
u 470
b 468
s 441
h 427
g 422
t 420
y 401
Case #59
l 191
i 175
p 173
Case #60
c 1994
s 1974
k 1931
z 1918
Case #61
a 852
g 817
r 808
d 796
l 783
n 775
f 761
t 750
Case #62
k 144
v 130
m 123
g 121
w 121
e 119
c 116
o 114
p 114
x 114
f 113
u 113
z 113
i 112
j 111
s 109
l 108
q 108
y 108
b 107
h 106
r 106
a 103
t 94
Case #63
l 22
u 21
h 20
q 20
v 20
g 18
x 17
w 15
a 14
y 14
e 13
s 12
b 11
z 10
k 9
n 9
t 9
Case #64
n 1203
x 1146
Case #65
v 51
a 49
l 48
d 43
j 43
h 41
o 41
f 39
t 39
p 36
r 36
z 34
Case #66
i 359
d 352
e 337
r 336
l 333
y 320
Case #67
w 512
j 505
t 491
d 490
n 490
p 484
v 484
i 479
s 479
k 476
r 470
h 468
f 464
a 458
c 451
x 450
q 441
g 432
Case #68
w 239
d 223
z 222
f 221
p 218
v 217
u 215
e 212
h 209
m 209
o 202
y 202
c 201
r 201
g 197
l 197
k 196
a 195
j 192
n 191
i 189
x 188
s 181
Case #69
w 194
i 190
g 186
e 181
a 175
o 174
s 172
f 165
r 164
p 163
n 160
k 159
b 152
q 146
m 143
h 142
Case #70
e 224
a 216
l 214
d 213
y 212
w 209
z 208
s 207
o 203
t 201
g 200
p 200
x 196
m 195
n 187
u 186
v 186
h 185
r 183
q 180
Case #71
e 374
h 373
w 365
z 365
u 364
q 357
s 355
x 348
f 345
c 344
p 343
j 332
b 323
m 320
t 316
k 306
Case #72
h 619
f 613
i 611
k 601
t 600
o 596
p 592
Case #73
s 43
r 37
m 35
h 32
t 32
i 31
k 31
o 30
q 30
u 30
a 29
v 28
x 27
e 26
g 26
n 25
y 25
d 24
j 23
l 20
b 18
Case #74
j 572
y 571
a 567
v 563
o 559
x 555
u 554
t 550
g 549
k 538
d 532
i 532
e 529
s 517
m 516
f 500
Case #75
s 337
f 329
h 329
l 327
n 325
a 324
w 322
t 315
q 311
b 310
m 310
o 307
y 305
j 304
v 302
p 300
e 295
r 289
x 283
Case #76
l 186
g 184
c 176
h 176
x 171
j 170
f 168
s 166
n 162
v 158
i 148
w 147
b 144
Case #77
n 257
c 244
g 243
w 242
x 240
m 237
u 236
d 235
l 231
a 225
i 224
b 223
e 223
t 223
v 223
y 222
q 220
o 219
r 211
k 210
j 208
z 208
f 204
p 203
h 200
Case #78
v 2064
l 2049
q 1989
y 1966
Case #79
s 1026
i 1012
x 1010
v 1009
l 999
e 995
y 961
w 920
Case #80
n 467
k 462
s 459
m 455
g 446
y 444
e 440
b 437
o 437
t 433
a 432
i 432
r 432
l 431
w 429
f 425
u 421
p 418
q 418
c 405
h 405
z 405
Case #81
v 348
h 340
y 339
x 336
p 335
f 329
b 327
j 327
a 326
m 323
s 321
w 320
l 317
n 316
u 316
c 314
t 313
z 310
k 303
r 302
e 300
d 297
q 297
i 295
g 292
Case #82
d 457
y 445
i 440
h 439
v 434
q 431
t 423
e 421
l 412
m 412
p 409
c 406
Case #83
q 415
c 412
u 411
d 395
l 389
z 385
g 382
x 380
i 379
p 373
f 370
n 362
o 361
j 358
m 356
t 356
y 334
b 333
Case #84
p 462
h 459
a 422
c 419
z 418
m 413
d 409
v 401
w 400
k 398
x 395
Case #85
u 2350
j 2347
w 2306
Case #86
g 584
e 582
q 581
f 576
u 574
j 572
v 568
w 547
l 539
Case #87
j 975
u 958
t 954
o 952
w 947
v 928
g 918
f 910
l 885
Case #88
m 1637
l 1630
f 1621
e 1602
t 1590
Case #89
e 439
z 439
f 438
m 424
k 416
p 408
s 407
u 405
c 403
h 392
n 388
i 370
Case #90
o 1483
j 1466
n 1447
m 1409
z 1374
h 1359
Case #91
u 118
v 115
x 111
o 106
i 105
m 101
q 101
t 99
l 98
y 96
s 93
b 91
c 91
f 91
a 89
n 89
h 88
d 86
j 79
Case #92
s 82
l 75
b 70
y 70
Case #93
g 422
h 395
c 381
z 379
e 375
v 370
t 362
Case #94
v 1065
y 1010
b 999
r 987
p 984
l 973
x 970
f 953
Case #95
p 27
c 20
j 18
v 18
z 18
Case #96
z 92
j 89
g 88
i 87
n 85
b 83
r 82
d 81
s 81
v 80
q 77
k 76
y 76
t 70
p 69
Case #97
w 25
o 24
z 23
r 22
p 21
a 20
s 20
b 19
h 19
n 19
q 18
x 18
l 17
f 16
k 16
u 16
v 16
y 16
m 15
j 14
t 14
Case #98
x 140
w 131
i 120
f 118
j 117
r 117
n 116
g 114
p 113
b 112
e 110
q 107
k 104
z 103
a 101
d 99
u 99
o 96
y 96
c 95
h 91
Case #99
p 755
h 749
g 747
r 740
u 695
f 694
k 673
Case #100
n 832
l 820
c 819
m 804
q 804
b 791
p 789
t 787
Case #101
b 592
w 590
g 589
f 573
v 562
k 555
e 551
o 544
j 543
l 539
t 539
n 532
a 521
y 513
c 509
Case #102
t 6222
Case #103
f 221
a 220
v 214
g 210
h 202
y 201
o 199
z 197
p 194
x 194
t 193
r 192
i 189
q 189
m 188
b 186
e 180
l 176
Case #104
c 83
p 81
e 79
s 79
x 78
n 75
o 75
v 75
h 73
t 71
d 70
f 67
q 67
g 66
r 66
z 66
j 65
a 63
b 63
k 63
u 63
i 62
w 59
y 59
l 56
m 48
Case #105
n 1152
x 1077
Case #106
r 685
m 681
t 658
n 650
Case #107
g 175
p 167
l 161
d 156
s 155
b 152
m 147
q 142
y 140
c 138
Case #108
c 47
d 47
h 41
r 41
q 37
i 36
f 35
j 34
g 33
l 33
m 33
n 33
e 32
p 29
t 29
x 29
v 28
s 25
Case #109
x 413
m 390
s 387
u 386
q 379
t 378
h 358
b 351
j 349
Case #110
a 718
h 705
b 699
z 698
f 683
m 678
w 672
k 662
j 657
y 649
c 639
u 627
Case #111
d 62
e 53
y 53
l 52
u 51
g 46
n 42
c 41
o 34
v 31
x 29
Case #112
s 1083
k 1067
y 1031
p 1028
v 984
q 966
Case #113
q 441
l 436
s 413
i 410
e 408
r 406
y 406
k 405
x 405
o 403
j 402
d 401
f 400
b 399
h 399
m 399
g 396
n 391
a 382
u 381
c 374
p 372
t 370
z 362
Case #114
o 1133
r 1081
u 1072
b 979
Case #115
v 190
j 176
q 176
r 171
u 169
d 167
f 165
h 164
k 161
a 154
m 154
g 149
e 148
c 143
i 139
o 138
t 138
y 136
x 133
Case #116
v 145
w 144
m 141
n 139
y 136
f 135
c 133
l 132
i 131
e 130
a 128
o 128
u 128
d 127
k 126
x 124
b 123
r 123
t 121
q 120
p 118
h 116
s 105
Case #117
e 809
a 786
v 784
h 776
c 767
w 752
t 743
Case #118
l 650
n 638
c 635
r 626
v 612
z 602
d 589
b 586
h 570
Case #119
c 239
t 239
h 230
w 226
g 221
n 220
i 213
q 213
a 211
b 211
d 209
v 208
l 202
u 201
Case #120
r 84
f 77
h 77
w 76
g 73
t 66
m 63
Case #121
b 417
v 402
f 399
w 390
j 389
a 377
h 377
z 375
m 373
l 370
r 369
x 366
o 365
g 364
c 363
s 362
n 361
k 350
p 343
q 332
Case #122
h 129
e 125
r 120
q 118
n 116
o 115
u 115
f 114
i 111
k 111
p 108
y 106
d 104
w 104
b 101
l 101
x 100
v 92
Case #123
s 275
m 270
v 270
p 264
j 262
t 262
w 261
x 260
y 259
l 256
z 255
u 250
q 248
g 241
k 231
Case #124
t 262
f 258
a 245
s 243
k 242
c 241
r 241
u 240
d 238
o 238
e 236
j 235
q 235
p 234
l 233
m 231
w 225
x 223
y 222
i 221
n 221
h 219
z 219
g 213
v 213
b 209
Case #125
z 98
k 91
f 90
h 90
c 89
i 89
x 89
w 86
j 84
d 82
e 82
t 82
a 80
p 80
s 80
q 79
y 70
Case #126
d 141
b 137
u 136
v 135
h 112
m 112
t 111
i 109
r 108
y 107
a 100
x 97
Case #127
u 1682
t 1633
s 1632
b 1605
v 1598
Case #128
c 1199
t 1163
n 1160
p 1150
v 1140
b 1090
Case #129
z 945
q 943
m 929
b 925
i 913
Case #130
h 374
r 369
f 363
a 360
i 358
s 352
o 351
e 350
w 350
j 349
n 343
t 338
y 338
l 337
d 335
m 335
u 334
q 333
k 332
c 331
v 329
p 327
g 325
z 313
b 308
x 297
Case #131
h 832
r 816
i 808
l 798
n 796
s 783
j 774
c 766
k 762
g 758
Case #132
i 1936
x 1923
Case #133
j 549
k 530
b 501
d 501
o 498
c 497
g 497
e 492
u 484
x 481
q 464
Case #134
e 265
b 263
h 258
y 244
l 239
m 232
Case #135
k 492
e 479
s 440
Case #136
w 648
z 615
f 613
v 602
t 598
b 592
e 592
i 590
k 571
x 570
q 566
h 563
Case #137
v 467
d 465
j 462
t 460
h 454
p 450
a 446
b 436
w 433
e 426
x 418
Case #138
w 371
j 355
u 348
x 348
z 347
i 329
Case #139
p 594
t 589
n 588
w 580
b 579
v 577
x 577
c 576
h 576
j 572
o 570
a 569
e 567
s 552
y 533
Case #140
b 572
m 550
g 549
a 542
h 539
j 535
u 535
n 529
r 524
t 518
c 515
Case #141
p 886
g 846
t 842
n 832
j 828
z 810
m 807
a 791
q 791
c 769
Case #142
g 272
c 265
n 260
x 258
h 257
a 256
e 256
u 255
s 252
t 252
i 251
z 251
w 244
l 241
d 239
Case #143
c 1001
o 992
r 986
s 984
q 976
t 968
h 964
a 933
Case #144
j 305
m 303
p 298
v 287
u 286
e 283
o 281
f 279
n 278
w 275
t 272
g 271
c 268
r 253
Case #145
o 556
q 549
r 543
e 538
x 537
i 535
a 523
u 517
m 513
v 511
s 510
z 500
d 465
Case #146
o 280
k 255
g 253
p 252
t 246
c 241
d 240
z 239
u 237
y 231
f 230
i 227
w 227
q 225
a 224
j 224
s 223
e 212
m 210
n 209
v 207
Case #147
c 198
i 196
s 185
x 185
o 178
e 174
v 173
m 172
f 170
u 167
z 167
r 166
a 164
h 163
q 162
n 161
j 157
l 147
Case #148
w 396
t 391
r 384
i 380
n 371
u 371
k 369
v 362
j 359
b 358
p 358
c 356
z 354
d 353
h 352
e 347
l 347
m 341
q 341
s 338
o 335
x 333
a 329
Case #149
h 221
k 213
s 212
u 208
f 205
l 205
a 204
x 202
y 201
z 198
i 194
r 194
e 190
b 188
m 186
t 186
v 186
n 183
o 180
j 179
Case #150
e 149
z 147
x 146
v 143
h 141
t 140
u 134
y 133
k 132
f 129
i 125
n 125
l 124
Case #151
f 507
x 494
i 491
y 487
q 485
a 481
r 475
j 473
d 472
v 462
u 461
b 449
l 449
e 433
Case #152
a 443
u 406
s 403
c 397
o 396
r 386
t 385
k 383
w 382
e 381
y 369
x 363
l 360
h 355
m 354
q 349
n 347
v 347
j 344
f 342
p 338
d 331
b 330
i 330
g 328
z 323
Case #153
u 191
n 183
w 180
k 176
x 173
b 172
f 172
q 170
i 169
v 169
z 169
c 168
o 168
m 167
e 165
h 159
d 156
y 156
r 154
g 148
p 143
t 143
Case #154
w 271
k 265
t 263
n 252
z 250
a 248
p 248
h 242
j 242
b 239
o 237
s 237
g 228
Case #155
d 229
n 222
f 210
j 207
p 205
y 203
z 199
m 198
e 195
t 194
h 192
l 192
w 191
u 186
r 183
k 181
g 179
v 176
Case #156
i 148
e 142
p 134
g 128
t 128
w 126
x 123
l 122
u 122
f 115
k 110
r 110
c 109
Case #157
n 1015
g 999
b 978
a 956
q 953
k 938
i 907
Case #158
d 1809
g 1779
o 1765
x 1763
Case #159
y 196
l 192
c 191
n 191
k 185
r 177
a 170
d 170
h 170
f 169
v 169
x 166
q 165
m 162
t 155
Case #160
v 183
c 180
p 176
n 173
f 171
b 170
s 165
x 165
r 153
q 147
j 142
m 141
l 139
Case #161
b 31
y 26
h 25
j 24
i 23
k 23
c 22
f 22
g 22
l 22
q 22
r 22
d 21
o 21
p 21
u 21
e 20
a 19
s 19
n 18
w 16
x 16
m 12
Case #162
u 101
p 95
e 93
h 91
o 88
v 88
l 86
t 85
x 83
s 79
y 79
m 78
z 76
f 75
g 75
w 73
k 69
a 66
Case #163
z 248
h 246
d 244
e 243
u 237
f 235
n 227
v 227
i 225
o 225
g 223
m 221
c 220
x 217
r 213
s 212
j 209
q 203
a 198
k 198
y 193
Case #164
j 106
e 99
a 97
h 95
i 95
m 95
k 94
n 93
v 93
l 91
t 90
u 88
y 88
s 87
w 86
c 85
o 85
r 82
b 81
x 79
f 75
q 75
p 73
z 72
d 68
Case #165
a 534
r 517
g 503
c 496
y 495
u 490
i 482
k 482
o 470
Case #166
g 259
a 243
d 236
q 232
t 226
i 225
o 224
u 223
h 220
l 219
w 219
x 217
n 216
m 214
j 211
v 211
y 209
c 200
s 199
e 197
k 195
Case #167
o 259
z 247
t 240
b 237
r 235
s 234
m 227
l 221
u 219
p 218
f 212
k 212
n 207
Case #168
k 132
l 119
b 114
p 113
h 111
a 106
r 97
Case #169
i 40
p 34
o 33
c 32
l 31
m 31
x 31
h 30
f 29
j 29
n 29
g 27
k 26
t 26
y 26
e 25
r 25
u 25
b 24
d 24
w 24
s 22
v 21
a 20
q 19
Case #170
s 176
b 159
g 154
r 154
e 152
o 150
z 149
v 148
c 147
t 147
u 143
w 142
h 141
n 139
i 129
q 125
Case #171
h 355
o 329
p 321
v 319
u 316
e 311
s 310
y 306
w 296
z 295
n 291
d 288
m 288
r 282
c 276
x 272
Case #172
u 490
h 482
z 470
i 439
g 438
Case #173
m 300
x 291
i 289
z 283
Case #174
v 133
n 128
b 125
a 124
e 117
Case #175
s 1567
k 1554
m 1544
Case #176
i 79
b 76
d 73
o 72
v 69
w 69
a 66
y 66
e 61
f 60
x 58
j 57
r 56
q 54
g 53
n 53
m 49
t 46
u 44
p 39
Case #177
b 447
x 434
q 433
e 419
j 417
o 408
n 407
t 404
d 400
k 394
r 385
Case #178
z 587
y 584
b 579
n 558
o 557
p 557
s 557
f 555
u 552
v 515
Case #179
h 541
e 515
w 513
k 502
m 495
a 490
p 490
u 481
y 481
l 480
q 477
j 476
t 476
i 474
b 472
n 472
g 469
z 466
s 455
Case #180
x 513
j 512
e 511
v 496
w 492
h 488
i 487
y 462
Case #181
u 164
h 162
s 160
c 157
l 154
m 154
b 152
n 150
p 150
t 148
j 144
o 144
y 144
g 142
v 142
e 139
d 138
r 138
x 138
i 137
w 137
q 133
a 121
Case #182
q 248
r 248
a 244
n 244
z 243
w 233
c 232
i 232
t 231
g 230
o 230
e 227
k 227
l 219
s 216
v 210
m 208
p 207
Case #183
z 38
c 33
o 32
f 31
r 30
t 29
a 28
k 28
w 28
y 28
d 27
s 27
n 26
v 26
m 25
x 25
h 23
l 23
p 23
i 22
j 19
g 17
Case #184
n 293
p 286
i 285
f 284
l 284
e 281
q 281
g 276
j 274
c 272
k 266
z 265
t 264
y 264
d 263
s 263
h 257
r 256
Case #185
r 349
k 337
i 322
f 320
n 319
v 318
d 313
a 309
b 309
l 308
o 307
p 295
y 295
w 291
z 288
g 286
s 286
e 262
Case #186
o 155
w 131
i 129
z 128
q 126
m 125
b 122
c 122
a 118
h 118
v 117
k 113
l 111
d 109
p 108
j 107
y 106
u 105
n 104
r 103
x 102
s 101
g 97
Case #187
l 62
a 61
q 60
s 58
b 57
g 56
e 55
w 52
k 51
o 50
z 50
c 49
n 49
y 49
t 47
x 46
d 45
p 43
i 41
v 37
f 36
Case #188
d 419
q 402
a 401
n 399
i 398
b 397
g 397
l 393
c 387
p 387
t 379
o 375
z 373
u 367
Case #189
j 113
s 111
i 104
w 100
n 98
p 95
y 91
b 90
l 90
g 89
x 89
c 82
k 82
u 79
z 76
Case #190
y 441
j 440
u 437
o 429
i 422
n 421
s 415
t 396
b 392
a 384
Case #191
z 405
g 397
l 390
k 388
i 381
j 379
p 378
t 377
a 372
m 372
q 372
c 371
f 371
h 370
d 367
r 367
u 367
x 367
o 366
w 366
n 364
s 363
b 361
e 356
v 352
y 335
Case #192
g 412
z 406
c 397
y 392
s 385
v 385
d 384
l 381
b 378
n 378
o 378
w 378
r 377
a 375
k 374
e 371
i 371
j 368
q 368
h 359
t 353
x 343
f 341
p 339
m 334
u 330
Case #193
w 416
e 415
c 404
m 403
u 394
y 393
j 391
r 391
k 386
v 384
l 381
i 377
o 374
b 364
f 361
d 360
n 356
t 354
g 351
h 348
p 346
x 345
q 342
a 337
z 337
s 330
Case #194
e 395
k 392
z 392
y 390
d 389
r 387
b 382
j 382
q 382
f 381
h 373
t 373
l 371
x 370
g 365
p 365
i 362
v 362
a 361
w 357
m 356
u 355
o 346
c 345
n 345
s 345
Case #195
u 410
d 403
g 400
i 393
q 393
t 392
k 389
s 382
h 381
w 380
l 377
x 374
c 368
f 366
e 365
z 365
r 364
v 364
j 363
b 360
n 358
m 350
o 344
y 343
p 336
a 326
Case #196
g 407
s 400
j 391
l 389
o 387
u 385
a 383
m 383
y 383
b 378
p 378
r 378
d 376
f 369
i 369
e 368
h 367
k 362
v 361
w 359
t 357
z 355
x 350
n 348
c 342
q 328
Case #197
f 419
i 401
j 391
g 389
m 385
s 384
x 378
c 377
n 376
q 376
r 376
h 375
k 373
l 373
a 369
v 365
b 364
z 363
d 360
u 360
e 352
o 349
t 347
p 342
w 339
y 333
Case #198
y 414
u 410
v 392
o 388
m 384
b 380
q 379
z 379
l 378
g 376
h 376
i 374
n 371
c 370
t 369
e 368
f 368
x 367
k 364
a 361
r 358
w 352
j 347
s 340
d 339
p 329
Case #199
b 418
s 409
z 396
p 392
a 391
r 390
x 389
k 381
o 380
n 378
w 378
c 375
e 375
f 375
l 374
t 372
v 371
q 363
j 357
g 356
i 353
d 350
m 349
h 333
y 331
u 319
Case #200
x 407
n 401
a 398
i 392
r 387
t 386
l 382
f 378
s 378
g 374
p 373
m 372
w 372
o 370
q 369
k 364
j 363
u 359
y 359
h 358
z 356
c 355
e 355
b 351
d 348
v 346
